<component name="libraryTable">
  <library name="JUnit" type="repository">
    <properties maven-id="org.junit.jupiter:junit-jupiter:5.9.3" />
    <CLASSES>
      <root url="jar://$PROJECT_DIR$/libs/junit-jupiter-5.9.3.jar!/" />
      <root url="jar://$PROJECT_DIR$/libs/junit-jupiter-api-5.9.3.jar!/" />
      <root url="jar://$PROJECT_DIR$/libs/opentest4j-1.2.0.jar!/" />
      <root url="jar://$PROJECT_DIR$/libs/junit-platform-commons-1.9.3.jar!/" />
      <root url="jar://$PROJECT_DIR$/libs/apiguardian-api-1.1.2.jar!/" />
      <root url="jar://$PROJECT_DIR$/libs/junit-jupiter-params-5.9.3.jar!/" />
      <root url="jar://$PROJECT_DIR$/libs/junit-jupiter-engine-5.9.3.jar!/" />
      <root url="jar://$PROJECT_DIR$/libs/junit-platform-engine-1.9.3.jar!/" />
    </CLASSES>
    <JAVADOC>
      <root url="jar://$PROJECT_DIR$/libs/junit-jupiter-5.9.3-javadoc.jar!/" />
      <root url="jar://$PROJECT_DIR$/libs/junit-jupiter-api-5.9.3-javadoc.jar!/" />
      <root url="jar://$PROJECT_DIR$/libs/opentest4j-1.2.0-javadoc.jar!/" />
      <root url="jar://$PROJECT_DIR$/libs/junit-platform-commons-1.9.3-javadoc.jar!/" />
      <root url="jar://$PROJECT_DIR$/libs/apiguardian-api-1.1.2-javadoc.jar!/" />
      <root url="jar://$PROJECT_DIR$/libs/junit-jupiter-params-5.9.3-javadoc.jar!/" />
      <root url="jar://$PROJECT_DIR$/libs/junit-jupiter-engine-5.9.3-javadoc.jar!/" />
      <root url="jar://$PROJECT_DIR$/libs/junit-platform-engine-1.9.3-javadoc.jar!/" />
    </JAVADOC>
    <SOURCES />
  </library>
</component>